

Microchip MPLAB XC8 Assembler V2.45 build 20230818022343 
                                                                                               Sun Dec 17 21:10:38 2023

Microchip MPLAB XC8 C Compiler v2.45 (Free license) build 20230818022343 Og1 
     1                           	processor	18F4520
     2                           	fnconf	rparam,??,?,0
     3                           	pagewidth 120
     4                           	opt	flic
     5                           	psect	cinit,global,reloc=2,class=CODE,delta=1
     6                           	psect	bssCOMRAM,global,class=COMRAM,space=1,delta=1,lowdata,noexec
     7                           	psect	cstackCOMRAM,global,class=COMRAM,space=1,delta=1,lowdata,noexec
     8                           	psect	text0,global,reloc=2,class=CODE,delta=1
     9                           	psect	text1,global,reloc=2,class=CODE,delta=1,group=2
    10                           	psect	text2,global,reloc=2,class=CODE,delta=1
    11                           	psect	text3,global,reloc=2,class=CODE,delta=1
    12                           	psect	text4,global,reloc=2,class=CODE,delta=1
    13                           	psect	text5,global,reloc=2,class=CODE,delta=1
    14                           	psect	text6,global,reloc=2,class=CODE,delta=1
    15                           	psect	text7,global,reloc=2,class=CODE,delta=1
    16                           	psect	text8,global,reloc=2,class=CODE,delta=1
    17                           	psect	intcodelo,global,reloc=2,class=CODE,delta=1
    18                           	psect	text10,global,reloc=2,class=CODE,delta=1
    19                           	psect	text11,global,reloc=2,class=CODE,delta=1
    20                           	psect	intcode,global,reloc=2,class=CODE,delta=1
    21                           	psect	intcode_body,global,reloc=2,class=CODE,delta=1
    22                           	psect	smallconst,global,reloc=2,class=SMALLCONST,delta=1,noexec
    23                           	psect	intsave_regs,global,class=BIGRAM,space=1,delta=1,noexec
    24                           	psect	rparam,global,class=COMRAM,space=1,delta=1,noexec
    25                           	psect	temp,global,ovrld,common,class=COMRAM,space=1,delta=1
    26                           	psect	idloc,global,abs,ovrld,class=IDLOC,space=5,delta=1,noexec
    27                           	psect	config,global,abs,ovrld,class=CONFIG,space=4,delta=1,noexec
    28   000000                     
    29                           ; Generated 18/08/2023 GMT
    30                           ; 
    31                           ; Copyright © 2023, Microchip Technology Inc. and its subsidiaries ("Microchip")
    32                           ; All rights reserved.
    33                           ; 
    34                           ; This software is developed by Microchip Technology Inc. and its subsidiaries ("Microch
      +                          ip").
    35                           ; 
    36                           ; Redistribution and use in source and binary forms, with or without modification, are
    37                           ; permitted provided that the following conditions are met:
    38                           ; 
    39                           ;     1. Redistributions of source code must retain the above copyright notice, this lis
      +                          t of
    40                           ;        conditions and the following disclaimer.
    41                           ; 
    42                           ;     2. Redistributions in binary form must reproduce the above copyright notice, this 
      +                          list
    43                           ;        of conditions and the following disclaimer in the documentation and/or other
    44                           ;        materials provided with the distribution. Publication is not required when
    45                           ;        this file is used in an embedded application.
    46                           ; 
    47                           ;     3. Microchip's name may not be used to endorse or promote products derived from th
      +                          is
    48                           ;        software without specific prior written permission.
    49                           ; 
    50                           ; THIS SOFTWARE IS PROVIDED BY MICROCHIP "AS IS" AND ANY EXPRESS OR IMPLIED WARRANTIES,
    51                           ; INCLUDING, BUT NOT LIMITED TO, THE IMPLIED WARRANTIES OF MERCHANTABILITY AND FITNESS F
      +                          OR
    52                           ; PURPOSE ARE DISCLAIMED.  IN NO EVENT SHALL MICROCHIP BE LIABLE FOR ANY DIRECT, INDIREC
      +                          T,
    53                           ; INCIDENTAL, SPECIAL, EXEMPLARY, OR CONSEQUENTIAL DAMAGES (INCLUDING BUT NOT LIMITED TO
    54                           ; PROCUREMENT OF SUBSTITUTE GOODS OR SERVICES; LOSS OF USE, DATA OR PROFITS; OR BUSINESS
    55                           ; INTERRUPTION) HOWSOEVER CAUSED AND ON ANY THEORY OF LIABILITY, WHETHER IN CONTRACT, ST
      +                          RICT
    56                           ; LIABILITY, OR TORT (INCLUDING NEGLIGENCE OR OTHERWISE) ARISING IN ANY WAY OUT OF THE U
      +                          SE OF
    57                           ; THIS SOFTWARE, EVEN IF ADVISED OF THE POSSIBILITY OF SUCH DAMAGE.
    58                           ; 
    59                           ; 
    60                           ; Code-generator required, PIC18F4520 Definitions
    61                           ; 
    62                           ; SFR Addresses
    63   000000                     _RCREG	set	4014
    64   000000                     _TXREG	set	4013
    65   000000                     _PIE1bits	set	3997
    66   000000                     _SPBRG	set	4015
    67   000000                     _BAUDCONbits	set	4024
    68   000000                     _PIR1bits	set	3998
    69   000000                     _CCP1CON	set	4029
    70   000000                     _ADCON0bits	set	4034
    71   000000                     _ADRESL	set	4035
    72   000000                     _ADRESH	set	4036
    73   000000                     _ADCON1	set	4033
    74   000000                     _ADFM	set	32263
    75   000000                     _OSCCONbits	set	4051
    76   000000                     _ADCON2bits	set	4032
    77   000000                     _CREN	set	32092
    78   000000                     _RCIF	set	31989
    79   000000                     _IRCF0	set	32412
    80   000000                     _IRCF1	set	32413
    81   000000                     _TRISA	set	3986
    82   000000                     _INTCONbits	set	4082
    83   000000                     _TRISCbits	set	3988
    84   000000                     _RCONbits	set	4048
    85   000000                     _RCSTAbits	set	4011
    86   000000                     _TXSTAbits	set	4012
    87   000000                     _IPR1bits	set	3999
    88   000000                     _IRCF2	set	32414
    89                           
    90                           ; #config settings
    91                           
    92                           	psect	cinit
    93   0006D4                     __pcinit:
    94                           	callstack 0
    95   0006D4                     start_initialization:
    96                           	callstack 0
    97   0006D4                     __initialization:
    98                           	callstack 0
    99                           
   100                           ; Clear objects allocated to COMRAM (42 bytes)
   101   0006D4  EE00  F001         	lfsr	0,__pbssCOMRAM
   102   0006D8  0E2A               	movlw	42
   103   0006DA                     clear_0:
   104   0006DA  6AEE               	clrf	postinc0,c
   105   0006DC  06E8               	decf	wreg,f,c
   106   0006DE  E1FD               	bnz	clear_0
   107   0006E0                     end_of_initialization:
   108                           	callstack 0
   109   0006E0                     __end_of__initialization:
   110                           	callstack 0
   111   0006E0  9037               	bcf	int$flags,0,c	;clear compiler interrupt flag (level 1)
   112   0006E2  9237               	bcf	int$flags,1,c	;clear compiler interrupt flag (level 2)
   113   0006E4  0100               	movlb	0
   114   0006E6  EF5D  F003         	goto	_main	;jump to C main() function
   115                           
   116                           	psect	bssCOMRAM
   117   000001                     __pbssCOMRAM:
   118                           	callstack 0
   119   000001                     _lenStr:
   120                           	callstack 0
   121   000001                     	ds	2
   122   000003                     _mystring:
   123                           	callstack 0
   124   000003                     	ds	20
   125   000017                     _str:
   126                           	callstack 0
   127   000017                     	ds	20
   128                           
   129                           	psect	cstackCOMRAM
   130   00002B                     __pcstackCOMRAM:
   131                           	callstack 0
   132   00002B                     UART_Write@data:
   133                           	callstack 0
   134                           
   135                           ; 1 bytes @ 0x0
   136   00002B                     	ds	1
   137   00002C                     
   138                           ; 1 bytes @ 0x1
   139   00002C                     	ds	1
   140   00002D                     ??_Lo_ISR:
   141                           
   142                           ; 1 bytes @ 0x2
   143   00002D                     	ds	5
   144   000032                     
   145                           ; 1 bytes @ 0x7
   146   000032                     	ds	2
   147   000034                     strcpy@dest:
   148                           	callstack 0
   149                           
   150                           ; 1 bytes @ 0x9
   151   000034                     	ds	1
   152   000035                     strcpy@src:
   153                           	callstack 0
   154                           
   155                           ; 1 bytes @ 0xA
   156   000035                     	ds	1
   157   000036                     strcpy@d:
   158                           	callstack 0
   159                           
   160                           ; 1 bytes @ 0xB
   161   000036                     	ds	1
   162   000037                     
   163                           ; 1 bytes @ 0xC
   164 ;;
   165 ;;Main: autosize = 0, tempsize = 0, incstack = 0, save=0
   166 ;;
   167 ;; *************** function _main *****************
   168 ;; Defined at:
   169 ;;		line 14 in file "main.c"
   170 ;; Parameters:    Size  Location     Type
   171 ;;		None
   172 ;; Auto vars:     Size  Location     Type
   173 ;;		None
   174 ;; Return value:  Size  Location     Type
   175 ;;                  1    wreg      void 
   176 ;; Registers used:
   177 ;;		wreg, fsr1l, fsr1h, fsr2l, fsr2h, status,2, status,0, cstack
   178 ;; Tracked objects:
   179 ;;		On entry : 0/0
   180 ;;		On exit  : 0/0
   181 ;;		Unchanged: 0/0
   182 ;; Data sizes:     COMRAM   BANK0   BANK1   BANK2   BANK3   BANK4   BANK5
   183 ;;      Params:         0       0       0       0       0       0       0
   184 ;;      Locals:         0       0       0       0       0       0       0
   185 ;;      Temps:          0       0       0       0       0       0       0
   186 ;;      Totals:         0       0       0       0       0       0       0
   187 ;;Total ram usage:        0 bytes
   188 ;; Hardware stack levels required when called: 6
   189 ;; This function calls:
   190 ;;		_GetString
   191 ;;		_SYSTEM_Initialize
   192 ;;		_strcpy
   193 ;; This function is called by:
   194 ;;		Startup code after reset
   195 ;; This function uses a non-reentrant model
   196 ;;
   197                           
   198                           	psect	text0
   199   0006BA                     __ptext0:
   200                           	callstack 0
   201   0006BA                     _main:
   202                           	callstack 25
   203   0006BA                     
   204                           ;main.c: 17:     SYSTEM_Initialize() ;
   205   0006BA  EC75  F003         	call	_SYSTEM_Initialize	;wreg free
   206   0006BE                     l981:
   207                           
   208                           ;main.c: 20:         strcpy(str, GetString());
   209   0006BE  0E17               	movlw	low _str
   210   0006C0  6E34               	movwf	strcpy@dest^0,c
   211   0006C2  ECA7  F003         	call	_GetString	;wreg free
   212   0006C6  6E35               	movwf	strcpy@src^0,c
   213   0006C8  EC33  F003         	call	_strcpy	;wreg free
   214   0006CC  EF5F  F003         	goto	l981
   215   0006D0  EF36  F000         	goto	start
   216   0006D4                     __end_of_main:
   217                           	callstack 0
   218                           
   219 ;; *************** function _strcpy *****************
   220 ;; Defined at:
   221 ;;		line 3 in file "C:\Program Files\Microchip\xc8\v2.45\pic\sources\c99\common\strcpy.c"
   222 ;; Parameters:    Size  Location     Type
   223 ;;  dest            1    9[COMRAM] PTR unsigned char 
   224 ;;		 -> str(20), 
   225 ;;  src             1   10[COMRAM] PTR const unsigned char 
   226 ;;		 -> mystring(20), 
   227 ;; Auto vars:     Size  Location     Type
   228 ;;  d               1   11[COMRAM] PTR unsigned char 
   229 ;;		 -> str(20), 
   230 ;; Return value:  Size  Location     Type
   231 ;;                  1    wreg      PTR unsigned char 
   232 ;; Registers used:
   233 ;;		wreg, fsr1l, fsr1h, fsr2l, fsr2h, status,2, status,0
   234 ;; Tracked objects:
   235 ;;		On entry : 0/0
   236 ;;		On exit  : 0/0
   237 ;;		Unchanged: 0/0
   238 ;; Data sizes:     COMRAM   BANK0   BANK1   BANK2   BANK3   BANK4   BANK5
   239 ;;      Params:         2       0       0       0       0       0       0
   240 ;;      Locals:         1       0       0       0       0       0       0
   241 ;;      Temps:          0       0       0       0       0       0       0
   242 ;;      Totals:         3       0       0       0       0       0       0
   243 ;;Total ram usage:        3 bytes
   244 ;; Hardware stack levels used: 1
   245 ;; Hardware stack levels required when called: 4
   246 ;; This function calls:
   247 ;;		Nothing
   248 ;; This function is called by:
   249 ;;		_main
   250 ;; This function uses a non-reentrant model
   251 ;;
   252                           
   253                           	psect	text1
   254   000666                     __ptext1:
   255                           	callstack 0
   256   000666                     _strcpy:
   257                           	callstack 26
   258   000666  C034  F036         	movff	strcpy@dest,strcpy@d
   259   00066A                     l977:
   260   00066A  2A35               	incf	strcpy@src^0,f,c
   261   00066C  0435               	decf	strcpy@src^0,w,c
   262   00066E  6ED9               	movwf	fsr2l,c
   263   000670  6ADA               	clrf	fsr2h,c
   264   000672  2A36               	incf	strcpy@d^0,f,c
   265   000674  0436               	decf	strcpy@d^0,w,c
   266   000676  6EE1               	movwf	fsr1l,c
   267   000678  6AE2               	clrf	fsr1h,c
   268   00067A  CFDF FFE7          	movff	indf2,indf1
   269   00067E  50E7               	movf	indf1,w,c
   270   000680  A4D8               	btfss	status,2,c
   271   000682  EF45  F003         	goto	u101
   272   000686  EF47  F003         	goto	u100
   273   00068A                     u101:
   274   00068A  EF35  F003         	goto	l977
   275   00068E                     u100:
   276   00068E  0012               	return		;funcret
   277   000690                     __end_of_strcpy:
   278                           	callstack 0
   279                           
   280 ;; *************** function _SYSTEM_Initialize *****************
   281 ;; Defined at:
   282 ;;		line 60 in file "setting_hardaware/setting.c"
   283 ;; Parameters:    Size  Location     Type
   284 ;;		None
   285 ;; Auto vars:     Size  Location     Type
   286 ;;		None
   287 ;; Return value:  Size  Location     Type
   288 ;;                  1    wreg      void 
   289 ;; Registers used:
   290 ;;		wreg, status,2, cstack
   291 ;; Tracked objects:
   292 ;;		On entry : 0/0
   293 ;;		On exit  : 0/0
   294 ;;		Unchanged: 0/0
   295 ;; Data sizes:     COMRAM   BANK0   BANK1   BANK2   BANK3   BANK4   BANK5
   296 ;;      Params:         0       0       0       0       0       0       0
   297 ;;      Locals:         0       0       0       0       0       0       0
   298 ;;      Temps:          0       0       0       0       0       0       0
   299 ;;      Totals:         0       0       0       0       0       0       0
   300 ;;Total ram usage:        0 bytes
   301 ;; Hardware stack levels used: 1
   302 ;; Hardware stack levels required when called: 5
   303 ;; This function calls:
   304 ;;		_ADC_Initialize
   305 ;;		_CCP1_Initialize
   306 ;;		_INTERRUPT_Initialize
   307 ;;		_OSCILLATOR_Initialize
   308 ;;		_UART_Initialize
   309 ;; This function is called by:
   310 ;;		_main
   311 ;; This function uses a non-reentrant model
   312 ;;
   313                           
   314                           	psect	text2
   315   0006EA                     __ptext2:
   316                           	callstack 0
   317   0006EA                     _SYSTEM_Initialize:
   318                           	callstack 25
   319   0006EA                     
   320                           ;setting_hardaware/setting.c: 63:     OSCILLATOR_Initialize();
   321   0006EA  EC9C  F003         	call	_OSCILLATOR_Initialize	;wreg free
   322                           
   323                           ;setting_hardaware/setting.c: 67:     INTERRUPT_Initialize();
   324   0006EE  ECA0  F003         	call	_INTERRUPT_Initialize	;wreg free
   325   0006F2                     
   326                           ;setting_hardaware/setting.c: 68:     UART_Initialize();
   327   0006F2  EC48  F003         	call	_UART_Initialize	;wreg free
   328   0006F6                     
   329                           ;setting_hardaware/setting.c: 69:     CCP1_Initialize();
   330   0006F6  EC96  F003         	call	_CCP1_Initialize	;wreg free
   331   0006FA                     
   332                           ;setting_hardaware/setting.c: 70:     ADC_Initialize();
   333   0006FA  EC80  F003         	call	_ADC_Initialize	;wreg free
   334   0006FE  0012               	return		;funcret
   335   000700                     __end_of_SYSTEM_Initialize:
   336                           	callstack 0
   337                           
   338 ;; *************** function _UART_Initialize *****************
   339 ;; Defined at:
   340 ;;		line 8 in file "setting_hardaware/uart.c"
   341 ;; Parameters:    Size  Location     Type
   342 ;;		None
   343 ;; Auto vars:     Size  Location     Type
   344 ;;		None
   345 ;; Return value:  Size  Location     Type
   346 ;;                  1    wreg      void 
   347 ;; Registers used:
   348 ;;		wreg, status,2
   349 ;; Tracked objects:
   350 ;;		On entry : 0/0
   351 ;;		On exit  : 0/0
   352 ;;		Unchanged: 0/0
   353 ;; Data sizes:     COMRAM   BANK0   BANK1   BANK2   BANK3   BANK4   BANK5
   354 ;;      Params:         0       0       0       0       0       0       0
   355 ;;      Locals:         0       0       0       0       0       0       0
   356 ;;      Temps:          0       0       0       0       0       0       0
   357 ;;      Totals:         0       0       0       0       0       0       0
   358 ;;Total ram usage:        0 bytes
   359 ;; Hardware stack levels used: 1
   360 ;; Hardware stack levels required when called: 4
   361 ;; This function calls:
   362 ;;		Nothing
   363 ;; This function is called by:
   364 ;;		_SYSTEM_Initialize
   365 ;; This function uses a non-reentrant model
   366 ;;
   367                           
   368                           	psect	text3
   369   000690                     __ptext3:
   370                           	callstack 0
   371   000690                     _UART_Initialize:
   372                           	callstack 25
   373   000690                     
   374                           ;setting_hardaware/uart.c: 19:     TRISCbits.TRISC6 = 1;
   375   000690  8C94               	bsf	148,6,c	;volatile
   376                           
   377                           ;setting_hardaware/uart.c: 20:     TRISCbits.TRISC7 = 1;
   378   000692  8E94               	bsf	148,7,c	;volatile
   379   000694                     
   380                           ;setting_hardaware/uart.c: 23:     OSCCONbits.IRCF = 110;
   381   000694  50D3               	movf	211,w,c	;volatile
   382   000696  0B8F               	andlw	-113
   383   000698  0960               	iorlw	96
   384   00069A  6ED3               	movwf	211,c	;volatile
   385   00069C                     
   386                           ;setting_hardaware/uart.c: 24:     TXSTAbits.SYNC = 0;
   387   00069C  98AC               	bcf	172,4,c	;volatile
   388   00069E                     
   389                           ;setting_hardaware/uart.c: 25:     BAUDCONbits.BRG16 = 0;
   390   00069E  96B8               	bcf	184,3,c	;volatile
   391   0006A0                     
   392                           ;setting_hardaware/uart.c: 26:     TXSTAbits.BRGH = 0;
   393   0006A0  94AC               	bcf	172,2,c	;volatile
   394                           
   395                           ;setting_hardaware/uart.c: 27:     SPBRG = 51;
   396   0006A2  0E33               	movlw	51
   397   0006A4  6EAF               	movwf	175,c	;volatile
   398   0006A6                     
   399                           ;setting_hardaware/uart.c: 30:     RCSTAbits.SPEN = 1;
   400   0006A6  8EAB               	bsf	171,7,c	;volatile
   401   0006A8                     
   402                           ;setting_hardaware/uart.c: 31:     PIR1bits.TXIF = 1;
   403   0006A8  889E               	bsf	158,4,c	;volatile
   404   0006AA                     
   405                           ;setting_hardaware/uart.c: 32:     PIR1bits.RCIF = 0;
   406   0006AA  9A9E               	bcf	158,5,c	;volatile
   407   0006AC                     
   408                           ;setting_hardaware/uart.c: 33:     TXSTAbits.TXEN = 1;
   409   0006AC  8AAC               	bsf	172,5,c	;volatile
   410   0006AE                     
   411                           ;setting_hardaware/uart.c: 34:     RCSTAbits.CREN = 1;
   412   0006AE  88AB               	bsf	171,4,c	;volatile
   413   0006B0                     
   414                           ;setting_hardaware/uart.c: 35:     PIE1bits.TXIE = 0;
   415   0006B0  989D               	bcf	157,4,c	;volatile
   416   0006B2                     
   417                           ;setting_hardaware/uart.c: 36:     IPR1bits.TXIP = 0;
   418   0006B2  989F               	bcf	159,4,c	;volatile
   419   0006B4                     
   420                           ;setting_hardaware/uart.c: 37:     PIE1bits.RCIE = 1;
   421   0006B4  8A9D               	bsf	157,5,c	;volatile
   422   0006B6                     
   423                           ;setting_hardaware/uart.c: 38:     IPR1bits.RCIP = 0;
   424   0006B6  9A9F               	bcf	159,5,c	;volatile
   425   0006B8  0012               	return		;funcret
   426   0006BA                     __end_of_UART_Initialize:
   427                           	callstack 0
   428                           
   429 ;; *************** function _OSCILLATOR_Initialize *****************
   430 ;; Defined at:
   431 ;;		line 73 in file "setting_hardaware/setting.c"
   432 ;; Parameters:    Size  Location     Type
   433 ;;		None
   434 ;; Auto vars:     Size  Location     Type
   435 ;;		None
   436 ;; Return value:  Size  Location     Type
   437 ;;                  1    wreg      void 
   438 ;; Registers used:
   439 ;;		None
   440 ;; Tracked objects:
   441 ;;		On entry : 0/0
   442 ;;		On exit  : 0/0
   443 ;;		Unchanged: 0/0
   444 ;; Data sizes:     COMRAM   BANK0   BANK1   BANK2   BANK3   BANK4   BANK5
   445 ;;      Params:         0       0       0       0       0       0       0
   446 ;;      Locals:         0       0       0       0       0       0       0
   447 ;;      Temps:          0       0       0       0       0       0       0
   448 ;;      Totals:         0       0       0       0       0       0       0
   449 ;;Total ram usage:        0 bytes
   450 ;; Hardware stack levels used: 1
   451 ;; Hardware stack levels required when called: 4
   452 ;; This function calls:
   453 ;;		Nothing
   454 ;; This function is called by:
   455 ;;		_SYSTEM_Initialize
   456 ;; This function uses a non-reentrant model
   457 ;;
   458                           
   459                           	psect	text4
   460   000738                     __ptext4:
   461                           	callstack 0
   462   000738                     _OSCILLATOR_Initialize:
   463                           	callstack 25
   464   000738                     
   465                           ;setting_hardaware/setting.c: 75:     IRCF2 = 1;
   466   000738  8CD3               	bsf	4051,6,c	;volatile
   467                           
   468                           ;setting_hardaware/setting.c: 76:     IRCF1 = 1;
   469   00073A  8AD3               	bsf	4051,5,c	;volatile
   470                           
   471                           ;setting_hardaware/setting.c: 77:     IRCF0 = 0;
   472   00073C  98D3               	bcf	4051,4,c	;volatile
   473   00073E  0012               	return		;funcret
   474   000740                     __end_of_OSCILLATOR_Initialize:
   475                           	callstack 0
   476                           
   477 ;; *************** function _INTERRUPT_Initialize *****************
   478 ;; Defined at:
   479 ;;		line 3 in file "setting_hardaware/interrupt_manager.c"
   480 ;; Parameters:    Size  Location     Type
   481 ;;		None
   482 ;; Auto vars:     Size  Location     Type
   483 ;;		None
   484 ;; Return value:  Size  Location     Type
   485 ;;                  1    wreg      void 
   486 ;; Registers used:
   487 ;;		None
   488 ;; Tracked objects:
   489 ;;		On entry : 0/0
   490 ;;		On exit  : 0/0
   491 ;;		Unchanged: 0/0
   492 ;; Data sizes:     COMRAM   BANK0   BANK1   BANK2   BANK3   BANK4   BANK5
   493 ;;      Params:         0       0       0       0       0       0       0
   494 ;;      Locals:         0       0       0       0       0       0       0
   495 ;;      Temps:          0       0       0       0       0       0       0
   496 ;;      Totals:         0       0       0       0       0       0       0
   497 ;;Total ram usage:        0 bytes
   498 ;; Hardware stack levels used: 1
   499 ;; Hardware stack levels required when called: 4
   500 ;; This function calls:
   501 ;;		Nothing
   502 ;; This function is called by:
   503 ;;		_SYSTEM_Initialize
   504 ;; This function uses a non-reentrant model
   505 ;;
   506                           
   507                           	psect	text5
   508   000740                     __ptext5:
   509                           	callstack 0
   510   000740                     _INTERRUPT_Initialize:
   511                           	callstack 25
   512   000740                     
   513                           ;setting_hardaware/interrupt_manager.c: 5:     RCONbits.IPEN = 1;
   514   000740  8ED0               	bsf	208,7,c	;volatile
   515                           
   516                           ;setting_hardaware/interrupt_manager.c: 6:     INTCONbits.GIEH = 1;
   517   000742  8EF2               	bsf	242,7,c	;volatile
   518                           
   519                           ;setting_hardaware/interrupt_manager.c: 7:     INTCONbits.GIEL = 1;
   520   000744  8CF2               	bsf	242,6,c	;volatile
   521   000746  0012               	return		;funcret
   522   000748                     __end_of_INTERRUPT_Initialize:
   523                           	callstack 0
   524                           
   525 ;; *************** function _CCP1_Initialize *****************
   526 ;; Defined at:
   527 ;;		line 3 in file "setting_hardaware/ccp1.c"
   528 ;; Parameters:    Size  Location     Type
   529 ;;		None
   530 ;; Auto vars:     Size  Location     Type
   531 ;;		None
   532 ;; Return value:  Size  Location     Type
   533 ;;                  1    wreg      void 
   534 ;; Registers used:
   535 ;;		wreg, status,2
   536 ;; Tracked objects:
   537 ;;		On entry : 0/0
   538 ;;		On exit  : 0/0
   539 ;;		Unchanged: 0/0
   540 ;; Data sizes:     COMRAM   BANK0   BANK1   BANK2   BANK3   BANK4   BANK5
   541 ;;      Params:         0       0       0       0       0       0       0
   542 ;;      Locals:         0       0       0       0       0       0       0
   543 ;;      Temps:          0       0       0       0       0       0       0
   544 ;;      Totals:         0       0       0       0       0       0       0
   545 ;;Total ram usage:        0 bytes
   546 ;; Hardware stack levels used: 1
   547 ;; Hardware stack levels required when called: 4
   548 ;; This function calls:
   549 ;;		Nothing
   550 ;; This function is called by:
   551 ;;		_SYSTEM_Initialize
   552 ;; This function uses a non-reentrant model
   553 ;;
   554                           
   555                           	psect	text6
   556   00072C                     __ptext6:
   557                           	callstack 0
   558   00072C                     _CCP1_Initialize:
   559                           	callstack 25
   560   00072C                     
   561                           ;setting_hardaware/ccp1.c: 4:     TRISCbits.TRISC2=0;
   562   00072C  9494               	bcf	148,2,c	;volatile
   563   00072E                     
   564                           ;setting_hardaware/ccp1.c: 5:     CCP1CON=9;
   565   00072E  0E09               	movlw	9
   566   000730  6EBD               	movwf	189,c	;volatile
   567   000732                     
   568                           ;setting_hardaware/ccp1.c: 6:     PIR1bits.CCP1IF=0;
   569   000732  949E               	bcf	158,2,c	;volatile
   570   000734                     
   571                           ;setting_hardaware/ccp1.c: 7:     IPR1bits.CCP1IP = 1;
   572   000734  849F               	bsf	159,2,c	;volatile
   573   000736  0012               	return		;funcret
   574   000738                     __end_of_CCP1_Initialize:
   575                           	callstack 0
   576                           
   577 ;; *************** function _ADC_Initialize *****************
   578 ;; Defined at:
   579 ;;		line 3 in file "setting_hardaware/adc.c"
   580 ;; Parameters:    Size  Location     Type
   581 ;;		None
   582 ;; Auto vars:     Size  Location     Type
   583 ;;		None
   584 ;; Return value:  Size  Location     Type
   585 ;;                  1    wreg      void 
   586 ;; Registers used:
   587 ;;		wreg, status,2
   588 ;; Tracked objects:
   589 ;;		On entry : 0/0
   590 ;;		On exit  : 0/0
   591 ;;		Unchanged: 0/0
   592 ;; Data sizes:     COMRAM   BANK0   BANK1   BANK2   BANK3   BANK4   BANK5
   593 ;;      Params:         0       0       0       0       0       0       0
   594 ;;      Locals:         0       0       0       0       0       0       0
   595 ;;      Temps:          0       0       0       0       0       0       0
   596 ;;      Totals:         0       0       0       0       0       0       0
   597 ;;Total ram usage:        0 bytes
   598 ;; Hardware stack levels used: 1
   599 ;; Hardware stack levels required when called: 4
   600 ;; This function calls:
   601 ;;		Nothing
   602 ;; This function is called by:
   603 ;;		_SYSTEM_Initialize
   604 ;; This function uses a non-reentrant model
   605 ;;
   606                           
   607                           	psect	text7
   608   000700                     __ptext7:
   609                           	callstack 0
   610   000700                     _ADC_Initialize:
   611                           	callstack 25
   612   000700                     
   613                           ;setting_hardaware/adc.c: 4:     TRISA = 0xff;
   614   000700  6892               	setf	146,c	;volatile
   615   000702                     
   616                           ;setting_hardaware/adc.c: 5:     ADCON1 = 0x0e;
   617   000702  0E0E               	movlw	14
   618   000704  6EC1               	movwf	193,c	;volatile
   619   000706                     
   620                           ;setting_hardaware/adc.c: 7:     ADFM = 1 ;
   621   000706  8EC0               	bsf	4032,7,c	;volatile
   622                           
   623                           ;setting_hardaware/adc.c: 8:     ADCON2bits.ADCS = 7;
   624   000708  0E07               	movlw	7
   625   00070A  12C0               	iorwf	192,f,c	;volatile
   626                           
   627                           ;setting_hardaware/adc.c: 9:     ADRESH=0;
   628   00070C  0E00               	movlw	0
   629   00070E  6EC4               	movwf	196,c	;volatile
   630                           
   631                           ;setting_hardaware/adc.c: 10:     ADRESL=0;
   632   000710  0E00               	movlw	0
   633   000712  6EC3               	movwf	195,c	;volatile
   634   000714  0012               	return		;funcret
   635   000716                     __end_of_ADC_Initialize:
   636                           	callstack 0
   637                           
   638 ;; *************** function _GetString *****************
   639 ;; Defined at:
   640 ;;		line 78 in file "setting_hardaware/uart.c"
   641 ;; Parameters:    Size  Location     Type
   642 ;;		None
   643 ;; Auto vars:     Size  Location     Type
   644 ;;		None
   645 ;; Return value:  Size  Location     Type
   646 ;;                  1    wreg      PTR unsigned char 
   647 ;; Registers used:
   648 ;;		wreg
   649 ;; Tracked objects:
   650 ;;		On entry : 0/0
   651 ;;		On exit  : 0/0
   652 ;;		Unchanged: 0/0
   653 ;; Data sizes:     COMRAM   BANK0   BANK1   BANK2   BANK3   BANK4   BANK5
   654 ;;      Params:         2       0       0       0       0       0       0
   655 ;;      Locals:         0       0       0       0       0       0       0
   656 ;;      Temps:          0       0       0       0       0       0       0
   657 ;;      Totals:         2       0       0       0       0       0       0
   658 ;;Total ram usage:        2 bytes
   659 ;; Hardware stack levels used: 1
   660 ;; Hardware stack levels required when called: 4
   661 ;; This function calls:
   662 ;;		Nothing
   663 ;; This function is called by:
   664 ;;		_main
   665 ;; This function uses a non-reentrant model
   666 ;;
   667                           
   668                           	psect	text8
   669   00074E                     __ptext8:
   670                           	callstack 0
   671   00074E                     _GetString:
   672                           	callstack 26
   673   00074E                     
   674                           ;setting_hardaware/uart.c: 79:     return mystring;
   675   00074E  0E03               	movlw	_mystring& (0+255)
   676   000750  0012               	return		;funcret
   677   000752                     __end_of_GetString:
   678                           	callstack 0
   679                           
   680 ;; *************** function _Lo_ISR *****************
   681 ;; Defined at:
   682 ;;		line 84 in file "setting_hardaware/uart.c"
   683 ;; Parameters:    Size  Location     Type
   684 ;;		None
   685 ;; Auto vars:     Size  Location     Type
   686 ;;		None
   687 ;; Return value:  Size  Location     Type
   688 ;;                  1    wreg      void 
   689 ;; Registers used:
   690 ;;		wreg, fsr2l, fsr2h, status,2, status,0, cstack
   691 ;; Tracked objects:
   692 ;;		On entry : 0/0
   693 ;;		On exit  : 0/0
   694 ;;		Unchanged: 0/0
   695 ;; Data sizes:     COMRAM   BANK0   BANK1   BANK2   BANK3   BANK4   BANK5
   696 ;;      Params:         0       0       0       0       0       0       0
   697 ;;      Locals:         0       0       0       0       0       0       0
   698 ;;      Temps:          5       0       0       0       0       0       0
   699 ;;      Totals:         5       0       0       0       0       0       0
   700 ;;Total ram usage:        5 bytes
   701 ;; Hardware stack levels used: 1
   702 ;; Hardware stack levels required when called: 3
   703 ;; This function calls:
   704 ;;		_MyusartRead
   705 ;; This function is called by:
   706 ;;		Interrupt level 1
   707 ;; This function uses a non-reentrant model
   708 ;;
   709                           
   710                           	psect	intcodelo
   711   000018                     __pintcodelo:
   712                           	callstack 0
   713   000018                     _Lo_ISR:
   714                           	callstack 25
   715                           
   716                           ;incstack = 0
   717   000018  8037               	bsf	int$flags,0,c	;set compiler interrupt flag (level 1)
   718   00001A  CFD8 F02D          	movff	status,??_Lo_ISR
   719   00001E  CFE8 F02E          	movff	wreg,??_Lo_ISR+1
   720   000022  CFE0 F02F          	movff	bsr,??_Lo_ISR+2
   721   000026  CFD9 F030          	movff	fsr2l,??_Lo_ISR+3
   722   00002A  CFDA F031          	movff	fsr2h,??_Lo_ISR+4
   723   00002E                     
   724                           ;setting_hardaware/uart.c: 86:     if(RCIF)
   725   00002E  AA9E               	btfss	3998,5,c	;volatile
   726   000030  EF1C  F000         	goto	i1u8_21
   727   000034  EF1E  F000         	goto	i1u8_20
   728   000038                     i1u8_21:
   729   000038  EF2A  F000         	goto	i1l157
   730   00003C                     i1u8_20:
   731   00003C                     
   732                           ;setting_hardaware/uart.c: 87:     {;setting_hardaware/uart.c: 88:         if(RCSTAbits.
      +                          OERR)
   733   00003C  A2AB               	btfss	171,1,c	;volatile
   734   00003E  EF23  F000         	goto	i1u9_21
   735   000042  EF25  F000         	goto	i1u9_20
   736   000046                     i1u9_21:
   737   000046  EF28  F000         	goto	i1l967
   738   00004A                     i1u9_20:
   739   00004A                     
   740                           ;setting_hardaware/uart.c: 89:         {;setting_hardaware/uart.c: 90:             CREN 
      +                          = 0;
   741   00004A  98AB               	bcf	4011,4,c	;volatile
   742                           
   743                           ;setting_hardaware/uart.c: 91:             __nop();
   744   00004C  0000               	nop	
   745                           
   746                           ;setting_hardaware/uart.c: 92:             CREN = 1;
   747   00004E  88AB               	bsf	4011,4,c	;volatile
   748   000050                     i1l967:
   749                           
   750                           ;setting_hardaware/uart.c: 95:         MyusartRead();
   751   000050  EC01  F003         	call	_MyusartRead	;wreg free
   752   000054                     i1l157:
   753   000054  C031  FFDA         	movff	??_Lo_ISR+4,fsr2h
   754   000058  C030  FFD9         	movff	??_Lo_ISR+3,fsr2l
   755   00005C  C02F  FFE0         	movff	??_Lo_ISR+2,bsr
   756   000060  C02E  FFE8         	movff	??_Lo_ISR+1,wreg
   757   000064  C02D  FFD8         	movff	??_Lo_ISR,status
   758   000068  9037               	bcf	int$flags,0,c	;clear compiler interrupt flag (level 1)
   759   00006A  0010               	retfie	
   760   00006C                     __end_of_Lo_ISR:
   761                           	callstack 0
   762                           
   763 ;; *************** function _MyusartRead *****************
   764 ;; Defined at:
   765 ;;		line 60 in file "setting_hardaware/uart.c"
   766 ;; Parameters:    Size  Location     Type
   767 ;;		None
   768 ;; Auto vars:     Size  Location     Type
   769 ;;		None
   770 ;; Return value:  Size  Location     Type
   771 ;;                  1    wreg      void 
   772 ;; Registers used:
   773 ;;		wreg, fsr2l, fsr2h, status,2, status,0, cstack
   774 ;; Tracked objects:
   775 ;;		On entry : 0/0
   776 ;;		On exit  : 0/0
   777 ;;		Unchanged: 0/0
   778 ;; Data sizes:     COMRAM   BANK0   BANK1   BANK2   BANK3   BANK4   BANK5
   779 ;;      Params:         0       0       0       0       0       0       0
   780 ;;      Locals:         0       0       0       0       0       0       0
   781 ;;      Temps:          1       0       0       0       0       0       0
   782 ;;      Totals:         1       0       0       0       0       0       0
   783 ;;Total ram usage:        1 bytes
   784 ;; Hardware stack levels used: 1
   785 ;; Hardware stack levels required when called: 2
   786 ;; This function calls:
   787 ;;		_UART_Write
   788 ;; This function is called by:
   789 ;;		_Lo_ISR
   790 ;; This function uses a non-reentrant model
   791 ;;
   792                           
   793                           	psect	text10
   794   000602                     __ptext10:
   795                           	callstack 0
   796   000602                     _MyusartRead:
   797                           	callstack 25
   798   000602                     
   799                           ;setting_hardaware/uart.c: 63:     mystring[lenStr] = RCREG;
   800   000602  5001               	movf	_lenStr^0,w,c
   801   000604  0F03               	addlw	low _mystring
   802   000606  6ED9               	movwf	fsr2l,c
   803   000608  6ADA               	clrf	fsr2h,c
   804   00060A  CFAE FFDF          	movff	4014,indf2	;volatile
   805   00060E                     
   806                           ;setting_hardaware/uart.c: 64:     UART_Write(mystring[lenStr]);
   807   00060E  5001               	movf	_lenStr^0,w,c
   808   000610  0F03               	addlw	low _mystring
   809   000612  6ED9               	movwf	fsr2l,c
   810   000614  6ADA               	clrf	fsr2h,c
   811   000616  50DF               	movf	indf2,w,c
   812   000618  EC8B  F003         	call	_UART_Write
   813   00061C                     
   814                           ;setting_hardaware/uart.c: 66:     if(mystring[lenStr] == '\r'){
   815   00061C  5001               	movf	_lenStr^0,w,c
   816   00061E  0F03               	addlw	low _mystring
   817   000620  6ED9               	movwf	fsr2l,c
   818   000622  6ADA               	clrf	fsr2h,c
   819   000624  0E0D               	movlw	13
   820   000626  18DE               	xorwf	postinc2,w,c
   821   000628  A4D8               	btfss	status,2,c
   822   00062A  EF19  F003         	goto	i1u3_21
   823   00062E  EF1B  F003         	goto	i1u3_20
   824   000632                     i1u3_21:
   825   000632  EF1E  F003         	goto	i1l913
   826   000636                     i1u3_20:
   827   000636                     
   828                           ;setting_hardaware/uart.c: 67:         UART_Write('\n');
   829   000636  0E0A               	movlw	10
   830   000638  EC8B  F003         	call	_UART_Write
   831   00063C                     i1l913:
   832                           
   833                           ;setting_hardaware/uart.c: 70:     lenStr++;
   834   00063C  4A01               	infsnz	_lenStr^0,f,c
   835   00063E  2A02               	incf	(_lenStr+1)^0,f,c
   836   000640                     
   837                           ;setting_hardaware/uart.c: 71:     if(lenStr >= 20){
   838   000640  BE02               	btfsc	(_lenStr+1)^0,7,c
   839   000642  EF2C  F003         	goto	i1u4_21
   840   000646  5002               	movf	(_lenStr+1)^0,w,c
   841   000648  E109               	bnz	i1u4_20
   842   00064A  0E14               	movlw	20
   843   00064C  5C01               	subwf	_lenStr^0,w,c
   844   00064E  A0D8               	btfss	status,0,c
   845   000650  EF2C  F003         	goto	i1u4_21
   846   000654  EF2E  F003         	goto	i1u4_20
   847   000658                     i1u4_21:
   848   000658  EF32  F003         	goto	i1l147
   849   00065C                     i1u4_20:
   850   00065C                     
   851                           ;setting_hardaware/uart.c: 72:         lenStr = 0;
   852   00065C  0E00               	movlw	0
   853   00065E  6E02               	movwf	(_lenStr+1)^0,c
   854   000660  0E00               	movlw	0
   855   000662  6E01               	movwf	_lenStr^0,c
   856   000664                     i1l147:
   857   000664  0012               	return		;funcret
   858   000666                     __end_of_MyusartRead:
   859                           	callstack 0
   860                           
   861 ;; *************** function _UART_Write *****************
   862 ;; Defined at:
   863 ;;		line 42 in file "setting_hardaware/uart.c"
   864 ;; Parameters:    Size  Location     Type
   865 ;;  data            1    wreg     unsigned char 
   866 ;; Auto vars:     Size  Location     Type
   867 ;;  data            1    0[COMRAM] unsigned char 
   868 ;; Return value:  Size  Location     Type
   869 ;;                  1    wreg      void 
   870 ;; Registers used:
   871 ;;		wreg
   872 ;; Tracked objects:
   873 ;;		On entry : 0/0
   874 ;;		On exit  : 0/0
   875 ;;		Unchanged: 0/0
   876 ;; Data sizes:     COMRAM   BANK0   BANK1   BANK2   BANK3   BANK4   BANK5
   877 ;;      Params:         0       0       0       0       0       0       0
   878 ;;      Locals:         1       0       0       0       0       0       0
   879 ;;      Temps:          0       0       0       0       0       0       0
   880 ;;      Totals:         1       0       0       0       0       0       0
   881 ;;Total ram usage:        1 bytes
   882 ;; Hardware stack levels used: 1
   883 ;; Hardware stack levels required when called: 1
   884 ;; This function calls:
   885 ;;		Nothing
   886 ;; This function is called by:
   887 ;;		_MyusartRead
   888 ;;		_UART_Write_Text
   889 ;; This function uses a non-reentrant model
   890 ;;
   891                           
   892                           	psect	text11
   893   000716                     __ptext11:
   894                           	callstack 0
   895   000716                     _UART_Write:
   896                           	callstack 25
   897                           
   898                           ;incstack = 0
   899                           ;UART_Write@data stored from wreg
   900   000716  6E2B               	movwf	UART_Write@data^0,c
   901   000718                     i1l128:
   902   000718  A2AC               	btfss	172,1,c	;volatile
   903   00071A  EF91  F003         	goto	i1u1_21
   904   00071E  EF93  F003         	goto	i1u1_20
   905   000722                     i1u1_21:
   906   000722  EF8C  F003         	goto	i1l128
   907   000726                     i1u1_20:
   908   000726                     
   909                           ;setting_hardaware/uart.c: 45:     TXREG = data;
   910   000726  C02B  FFAD         	movff	UART_Write@data,4013	;volatile
   911   00072A  0012               	return		;funcret
   912   00072C                     __end_of_UART_Write:
   913                           	callstack 0
   914                           
   915 ;; *************** function _Hi_ISR *****************
   916 ;; Defined at:
   917 ;;		line 33 in file "main.c"
   918 ;; Parameters:    Size  Location     Type
   919 ;;		None
   920 ;; Auto vars:     Size  Location     Type
   921 ;;		None
   922 ;; Return value:  Size  Location     Type
   923 ;;                  1    wreg      void 
   924 ;; Registers used:
   925 ;;		None
   926 ;; Tracked objects:
   927 ;;		On entry : 0/0
   928 ;;		On exit  : 0/0
   929 ;;		Unchanged: 0/0
   930 ;; Data sizes:     COMRAM   BANK0   BANK1   BANK2   BANK3   BANK4   BANK5
   931 ;;      Params:         0       0       0       0       0       0       0
   932 ;;      Locals:         0       0       0       0       0       0       0
   933 ;;      Temps:          0       0       0       0       0       0       0
   934 ;;      Totals:         0       0       0       0       0       0       0
   935 ;;Total ram usage:        0 bytes
   936 ;; Hardware stack levels used: 1
   937 ;; This function calls:
   938 ;;		Nothing
   939 ;; This function is called by:
   940 ;;		Interrupt level 2
   941 ;; This function uses a non-reentrant model
   942 ;;
   943                           
   944                           	psect	intcode
   945   000008                     __pintcode:
   946                           	callstack 0
   947   000008                     _Hi_ISR:
   948                           	callstack 25
   949                           
   950                           ;incstack = 0
   951   000008  8237               	bsf	int$flags,1,c	;set compiler interrupt flag (level 2)
   952   00000A  EDA4  F003         	call	int_func,f	;refresh shadow registers
   953                           
   954                           	psect	intcode_body
   955   000748                     __pintcode_body:
   956                           	callstack 25
   957   000748                     int_func:
   958                           	callstack 25
   959   000748  0006               	pop		; remove dummy address from shadow register refresh
   960   00074A  9237               	bcf	int$flags,1,c	;clear compiler interrupt flag (level 2)
   961   00074C  0011               	retfie		f
   962   00074E                     __end_of_Hi_ISR:
   963                           	callstack 0
   964                           
   965                           	psect	smallconst
   966   000600                     __psmallconst:
   967                           	callstack 0
   968   000600  00                 	db	0
   969   000601  00                 	db	0	; dummy byte at the end
   970   000000                     
   971                           	psect	rparam
   972   000000                     
   973                           	psect	temp
   974   000037                     btemp:
   975                           	callstack 0
   976   000037                     	ds	1
   977   000000                     int$flags	set	btemp
   978   000000                     wtemp8	set	btemp+1
   979   000000                     ttemp5	set	btemp+1
   980   000000                     ttemp6	set	btemp+4
   981   000000                     ttemp7	set	btemp+8
   982                           
   983                           	psect	idloc
   984                           
   985                           ;Config register IDLOC0 @ 0x200000
   986                           ;	unspecified, using default values
   987   200000                     	org	2097152
   988   200000  FF                 	db	255
   989                           
   990                           ;Config register IDLOC1 @ 0x200001
   991                           ;	unspecified, using default values
   992   200001                     	org	2097153
   993   200001  FF                 	db	255
   994                           
   995                           ;Config register IDLOC2 @ 0x200002
   996                           ;	unspecified, using default values
   997   200002                     	org	2097154
   998   200002  FF                 	db	255
   999                           
  1000                           ;Config register IDLOC3 @ 0x200003
  1001                           ;	unspecified, using default values
  1002   200003                     	org	2097155
  1003   200003  FF                 	db	255
  1004                           
  1005                           ;Config register IDLOC4 @ 0x200004
  1006                           ;	unspecified, using default values
  1007   200004                     	org	2097156
  1008   200004  FF                 	db	255
  1009                           
  1010                           ;Config register IDLOC5 @ 0x200005
  1011                           ;	unspecified, using default values
  1012   200005                     	org	2097157
  1013   200005  FF                 	db	255
  1014                           
  1015                           ;Config register IDLOC6 @ 0x200006
  1016                           ;	unspecified, using default values
  1017   200006                     	org	2097158
  1018   200006  FF                 	db	255
  1019                           
  1020                           ;Config register IDLOC7 @ 0x200007
  1021                           ;	unspecified, using default values
  1022   200007                     	org	2097159
  1023   200007  FF                 	db	255
  1024                           
  1025                           	psect	config
  1026                           
  1027                           ; Padding undefined space
  1028   300000                     	org	3145728
  1029   300000  FF                 	db	255
  1030                           
  1031                           ;Config register CONFIG1H @ 0x300001
  1032                           ;	Oscillator Selection bits
  1033                           ;	OSC = INTIO67, Internal oscillator block, port function on RA6 and RA7
  1034                           ;	Fail-Safe Clock Monitor Enable bit
  1035                           ;	FCMEN = OFF, Fail-Safe Clock Monitor disabled
  1036                           ;	Internal/External Oscillator Switchover bit
  1037                           ;	IESO = ON, Oscillator Switchover mode enabled
  1038   300001                     	org	3145729
  1039   300001  88                 	db	136
  1040                           
  1041                           ;Config register CONFIG2L @ 0x300002
  1042                           ;	Power-up Timer Enable bit
  1043                           ;	PWRT = OFF, PWRT disabled
  1044                           ;	Brown-out Reset Enable bits
  1045                           ;	BOREN = SBORDIS, Brown-out Reset enabled in hardware only (SBOREN is disabled)
  1046                           ;	Brown Out Reset Voltage bits
  1047                           ;	BORV = 3, Minimum setting
  1048   300002                     	org	3145730
  1049   300002  1F                 	db	31
  1050                           
  1051                           ;Config register CONFIG2H @ 0x300003
  1052                           ;	Watchdog Timer Enable bit
  1053                           ;	WDT = OFF, WDT disabled (control is placed on the SWDTEN bit)
  1054                           ;	Watchdog Timer Postscale Select bits
  1055                           ;	WDTPS = 1, 1:1
  1056   300003                     	org	3145731
  1057   300003  00                 	db	0
  1058                           
  1059                           ; Padding undefined space
  1060   300004                     	org	3145732
  1061   300004  FF                 	db	255
  1062                           
  1063                           ;Config register CONFIG3H @ 0x300005
  1064                           ;	CCP2 MUX bit
  1065                           ;	CCP2MX = PORTC, CCP2 input/output is multiplexed with RC1
  1066                           ;	PORTB A/D Enable bit
  1067                           ;	PBADEN = ON, PORTB<4:0> pins are configured as analog input channels on Reset
  1068                           ;	Low-Power Timer1 Oscillator Enable bit
  1069                           ;	LPT1OSC = OFF, Timer1 configured for higher power operation
  1070                           ;	MCLR Pin Enable bit
  1071                           ;	MCLRE = ON, MCLR pin enabled; RE3 input pin disabled
  1072   300005                     	org	3145733
  1073   300005  83                 	db	131
  1074                           
  1075                           ;Config register CONFIG4L @ 0x300006
  1076                           ;	Stack Full/Underflow Reset Enable bit
  1077                           ;	STVREN = ON, Stack full/underflow will cause Reset
  1078                           ;	Single-Supply ICSP Enable bit
  1079                           ;	LVP = OFF, Single-Supply ICSP disabled
  1080                           ;	Extended Instruction Set Enable bit
  1081                           ;	XINST = OFF, Instruction set extension and Indexed Addressing mode disabled (Legacy mo
      +                          de)
  1082                           ;	Background Debugger Enable bit
  1083                           ;	DEBUG = 0x1, unprogrammed default
  1084   300006                     	org	3145734
  1085   300006  81                 	db	129
  1086                           
  1087                           ; Padding undefined space
  1088   300007                     	org	3145735
  1089   300007  FF                 	db	255
  1090                           
  1091                           ;Config register CONFIG5L @ 0x300008
  1092                           ;	Code Protection bit
  1093                           ;	CP0 = OFF, Block 0 (000800-001FFFh) not code-protected
  1094                           ;	Code Protection bit
  1095                           ;	CP1 = OFF, Block 1 (002000-003FFFh) not code-protected
  1096                           ;	Code Protection bit
  1097                           ;	CP2 = OFF, Block 2 (004000-005FFFh) not code-protected
  1098                           ;	Code Protection bit
  1099                           ;	CP3 = OFF, Block 3 (006000-007FFFh) not code-protected
  1100   300008                     	org	3145736
  1101   300008  0F                 	db	15
  1102                           
  1103                           ;Config register CONFIG5H @ 0x300009
  1104                           ;	Boot Block Code Protection bit
  1105                           ;	CPB = OFF, Boot block (000000-0007FFh) not code-protected
  1106                           ;	Data EEPROM Code Protection bit
  1107                           ;	CPD = OFF, Data EEPROM not code-protected
  1108   300009                     	org	3145737
  1109   300009  C0                 	db	192
  1110                           
  1111                           ;Config register CONFIG6L @ 0x30000A
  1112                           ;	Write Protection bit
  1113                           ;	WRT0 = OFF, Block 0 (000800-001FFFh) not write-protected
  1114                           ;	Write Protection bit
  1115                           ;	WRT1 = OFF, Block 1 (002000-003FFFh) not write-protected
  1116                           ;	Write Protection bit
  1117                           ;	WRT2 = OFF, Block 2 (004000-005FFFh) not write-protected
  1118                           ;	Write Protection bit
  1119                           ;	WRT3 = OFF, Block 3 (006000-007FFFh) not write-protected
  1120   30000A                     	org	3145738
  1121   30000A  0F                 	db	15
  1122                           
  1123                           ;Config register CONFIG6H @ 0x30000B
  1124                           ;	Configuration Register Write Protection bit
  1125                           ;	WRTC = OFF, Configuration registers (300000-3000FFh) not write-protected
  1126                           ;	Boot Block Write Protection bit
  1127                           ;	WRTB = OFF, Boot block (000000-0007FFh) not write-protected
  1128                           ;	Data EEPROM Write Protection bit
  1129                           ;	WRTD = OFF, Data EEPROM not write-protected
  1130   30000B                     	org	3145739
  1131   30000B  E0                 	db	224
  1132                           
  1133                           ;Config register CONFIG7L @ 0x30000C
  1134                           ;	Table Read Protection bit
  1135                           ;	EBTR0 = OFF, Block 0 (000800-001FFFh) not protected from table reads executed in other
      +                           blocks
  1136                           ;	Table Read Protection bit
  1137                           ;	EBTR1 = OFF, Block 1 (002000-003FFFh) not protected from table reads executed in other
      +                           blocks
  1138                           ;	Table Read Protection bit
  1139                           ;	EBTR2 = OFF, Block 2 (004000-005FFFh) not protected from table reads executed in other
      +                           blocks
  1140                           ;	Table Read Protection bit
  1141                           ;	EBTR3 = OFF, Block 3 (006000-007FFFh) not protected from table reads executed in other
      +                           blocks
  1142   30000C                     	org	3145740
  1143   30000C  0F                 	db	15
  1144                           
  1145                           ;Config register CONFIG7H @ 0x30000D
  1146                           ;	Boot Block Table Read Protection bit
  1147                           ;	EBTRB = OFF, Boot block (000000-0007FFh) not protected from table reads executed in ot
      +                          her blocks
  1148   30000D                     	org	3145741
  1149   30000D  40                 	db	64
  1150                           tosu	equ	0xFFF
  1151                           tosh	equ	0xFFE
  1152                           tosl	equ	0xFFD
  1153                           stkptr	equ	0xFFC
  1154                           pclatu	equ	0xFFB
  1155                           pclath	equ	0xFFA
  1156                           pcl	equ	0xFF9
  1157                           tblptru	equ	0xFF8
  1158                           tblptrh	equ	0xFF7
  1159                           tblptrl	equ	0xFF6
  1160                           tablat	equ	0xFF5
  1161                           prodh	equ	0xFF4
  1162                           prodl	equ	0xFF3
  1163                           indf0	equ	0xFEF
  1164                           postinc0	equ	0xFEE
  1165                           postdec0	equ	0xFED
  1166                           preinc0	equ	0xFEC
  1167                           plusw0	equ	0xFEB
  1168                           fsr0h	equ	0xFEA
  1169                           fsr0l	equ	0xFE9
  1170                           wreg	equ	0xFE8
  1171                           indf1	equ	0xFE7
  1172                           postinc1	equ	0xFE6
  1173                           postdec1	equ	0xFE5
  1174                           preinc1	equ	0xFE4
  1175                           plusw1	equ	0xFE3
  1176                           fsr1h	equ	0xFE2
  1177                           fsr1l	equ	0xFE1
  1178                           bsr	equ	0xFE0
  1179                           indf2	equ	0xFDF
  1180                           postinc2	equ	0xFDE
  1181                           postdec2	equ	0xFDD
  1182                           preinc2	equ	0xFDC
  1183                           plusw2	equ	0xFDB
  1184                           fsr2h	equ	0xFDA
  1185                           fsr2l	equ	0xFD9
  1186                           status	equ	0xFD8

Data Sizes:
    Strings     0
    Constant    0
    Data        0
    BSS         42
    Persistent  0
    Stack       0

Auto Spaces:
    Space          Size  Autos    Used
    COMRAM          126     12      54
    BANK0           128      0       0
    BANK1           256      0       0
    BANK2           256      0       0
    BANK3           256      0       0
    BANK4           256      0       0
    BANK5           244      0       0

Pointer List with Targets:

    sp__GetString	PTR unsigned char  size(1) Largest target is 20
		 -> mystring(COMRAM[20]), 

    sp__strcpy	PTR unsigned char  size(1) Largest target is 20
		 -> str(COMRAM[20]), 

    strcpy@d	PTR unsigned char  size(1) Largest target is 20
		 -> str(COMRAM[20]), 

    strcpy@dest	PTR unsigned char  size(1) Largest target is 20
		 -> str(COMRAM[20]), 

    strcpy@src	PTR const unsigned char  size(1) Largest target is 20
		 -> mystring(COMRAM[20]), 


Critical Paths under _main in COMRAM

    _main->_strcpy
    _strcpy->_GetString

Critical Paths under _Lo_ISR in COMRAM

    _Lo_ISR->_MyusartRead
    _MyusartRead->_UART_Write

Critical Paths under _Hi_ISR in COMRAM

    None.

Critical Paths under _main in BANK0

    None.

Critical Paths under _Lo_ISR in BANK0

    None.

Critical Paths under _Hi_ISR in BANK0

    None.

Critical Paths under _main in BANK1

    None.

Critical Paths under _Lo_ISR in BANK1

    None.

Critical Paths under _Hi_ISR in BANK1

    None.

Critical Paths under _main in BANK2

    None.

Critical Paths under _Lo_ISR in BANK2

    None.

Critical Paths under _Hi_ISR in BANK2

    None.

Critical Paths under _main in BANK3

    None.

Critical Paths under _Lo_ISR in BANK3

    None.

Critical Paths under _Hi_ISR in BANK3

    None.

Critical Paths under _main in BANK4

    None.

Critical Paths under _Lo_ISR in BANK4

    None.

Critical Paths under _Hi_ISR in BANK4

    None.

Critical Paths under _main in BANK5

    None.

Critical Paths under _Lo_ISR in BANK5

    None.

Critical Paths under _Hi_ISR in BANK5

    None.

Call Graph Tables:

 ---------------------------------------------------------------------------------
 (Depth) Function   	        Calls       Base Space   Used Autos Params    Refs
 ---------------------------------------------------------------------------------
 (0) _main                                                 0     0      0     225
                          _GetString
                  _SYSTEM_Initialize
                             _strcpy
 ---------------------------------------------------------------------------------
 (1) _strcpy                                               3     1      2     225
                                              9 COMRAM     3     1      2
                          _GetString (ARG)
 ---------------------------------------------------------------------------------
 (1) _SYSTEM_Initialize                                    0     0      0       0
                     _ADC_Initialize
                    _CCP1_Initialize
               _INTERRUPT_Initialize
              _OSCILLATOR_Initialize
                    _UART_Initialize
 ---------------------------------------------------------------------------------
 (2) _UART_Initialize                                      0     0      0       0
 ---------------------------------------------------------------------------------
 (2) _OSCILLATOR_Initialize                                0     0      0       0
 ---------------------------------------------------------------------------------
 (2) _INTERRUPT_Initialize                                 0     0      0       0
 ---------------------------------------------------------------------------------
 (2) _CCP1_Initialize                                      0     0      0       0
 ---------------------------------------------------------------------------------
 (2) _ADC_Initialize                                       0     0      0       0
 ---------------------------------------------------------------------------------
 (1) _GetString                                            2     0      2       0
                                              7 COMRAM     2     0      2
 ---------------------------------------------------------------------------------
 Estimated maximum stack depth 2
 ---------------------------------------------------------------------------------
 (Depth) Function   	        Calls       Base Space   Used Autos Params    Refs
 ---------------------------------------------------------------------------------
 (3) _Lo_ISR                                               5     5      0      15
                                              2 COMRAM     5     5      0
                        _MyusartRead
 ---------------------------------------------------------------------------------
 (4) _MyusartRead                                          1     1      0      15
                                              1 COMRAM     1     1      0
                         _UART_Write
 ---------------------------------------------------------------------------------
 (5) _UART_Write                                           1     1      0      15
                                              0 COMRAM     1     1      0
 ---------------------------------------------------------------------------------
 Estimated maximum stack depth 5
 ---------------------------------------------------------------------------------
 (Depth) Function   	        Calls       Base Space   Used Autos Params    Refs
 ---------------------------------------------------------------------------------
 (6) _Hi_ISR                                               0     0      0       0
 ---------------------------------------------------------------------------------
 Estimated maximum stack depth 6
 ---------------------------------------------------------------------------------

 Call Graph Graphs:

 _main (ROOT)
   _GetString
   _SYSTEM_Initialize
     _ADC_Initialize
     _CCP1_Initialize
     _INTERRUPT_Initialize
     _OSCILLATOR_Initialize
     _UART_Initialize
   _strcpy
     _GetString (ARG)

 _Lo_ISR (ROOT)
   _MyusartRead
     _UART_Write

 _Hi_ISR (ROOT)

 Address spaces:
Name               Size   Autos  Total    Cost      Usage
BIGRAM             5F3      0       0      30        0.0%
EEDATA             100      0       0       0        0.0%
BITBANK4           100      0       0      11        0.0%
BANK4              100      0       0      12        0.0%
BITBANK3           100      0       0       9        0.0%
BANK3              100      0       0      10        0.0%
BITBANK2           100      0       0       7        0.0%
BANK2              100      0       0       8        0.0%
BITBANK1           100      0       0       5        0.0%
BANK1              100      0       0       6        0.0%
BITBANK5            F4      0       0      13        0.0%
BANK5               F4      0       0      14        0.0%
BITBANK0            80      0       0       3        0.0%
BANK0               80      0       0       4        0.0%
BITCOMRAM           7E      0       0       0        0.0%
COMRAM              7E      C      36       1       42.9%
BITBIGSFRl          12      0       0      28        0.0%
BITBIGSFR_1llhl      B      0       0      25        0.0%
BITBIGSFR_1hhl       B      0       0      21        0.0%
BITBIGSFR_5h         A      0       0      15        0.0%
BITBIGSFR_1llhh      8      0       0      24        0.0%
BITBIGSFRhh          7      0       0      26        0.0%
BITBIGSFR_2          6      0       0      19        0.0%
BITBIGSFR_1llhh      4      0       0      23        0.0%
BITBIGSFR_4          3      0       0      17        0.0%
BITBIGSFR_3          3      0       0      18        0.0%
BITBIGSFR_1hhh       2      0       0      20        0.0%
BITBIGSFR_1lh        2      0       0      22        0.0%
BITBIGSFR_5l         2      0       0      16        0.0%
BITBIGSFRhl          1      0       0      27        0.0%
BIGSFR_5             0      0       0     200        0.0%
BIGSFR_4             0      0       0     200        0.0%
BIGSFR_3             0      0       0     200        0.0%
BIGSFR_2             0      0       0     200        0.0%
BIGSFR_1             0      0       0     200        0.0%
BIGSFR               0      0       0     200        0.0%
BITSFR_5             0      0       0     200        0.0%
SFR_5                0      0       0     200        0.0%
BITSFR_4             0      0       0     200        0.0%
SFR_4                0      0       0     200        0.0%
BITSFR_3             0      0       0     200        0.0%
SFR_3                0      0       0     200        0.0%
BITSFR_2             0      0       0     200        0.0%
SFR_2                0      0       0     200        0.0%
BITSFR_1             0      0       0     200        0.0%
SFR_1                0      0       0     200        0.0%
BITSFR               0      0       0     200        0.0%
SFR                  0      0       0     200        0.0%
STACK                0      0       0       2        0.0%
NULL                 0      0       0       0        0.0%
ABS                  0      0      36      29        0.0%
DATA                 0      0      36      31        0.0%
CODE                 0      0       0       0        0.0%


Microchip Technology PIC18 Macro Assembler V2.45 build 20230818022343 
Symbol Table                                                                                   Sun Dec 17 21:10:38 2023

                           l44 0714                             l61 0736                             l90 073E  
                           l68 0746                             l87 06FE                             bsr 0FE0  
      __end_of_CCP1_Initialize 0738                            l125 06B8                            l150 0750  
                          l841 0702                            l843 0706                            l851 0734  
                          l845 072C                            l853 0740                            l861 069C  
                          l837 068E                            l839 0700                            l847 072E  
                          l855 0738                            l871 06AA                            l863 069E  
                          l849 0732                            l881 06B4                            l873 06AC  
                          l865 06A0                            l857 0690                            l971 074E  
                          l883 06B6                            l875 06AE                            l867 06A6  
                          l859 0694                            l891 06F2                            l877 06B0  
                          l869 06A8                            l893 06F6                            l981 06BE  
                          l879 06B2                            l895 06FA                            l975 0666  
                          l889 06EA                            l977 066A                            l979 06BA  
                          u100 068E                            u101 068A                            _str 0017  
                          wreg 0FE8                           _ADFM 7E07                           _CREN 7D5C  
                         _RCIF 7CF5                           i2l27 074A                           _main 06BA  
                         fsr1h 0FE2                           fsr2h 0FDA                           indf1 0FE7  
                         indf2 0FDF                           fsr1l 0FE1                           fsr2l 0FD9  
                         btemp 0037                           start 006C                   ___param_bank 0000  
             ?_UART_Initialize 002B  __end_of_OSCILLATOR_Initialize 0740                          ?_main 002B  
                        _IRCF0 7E9C                          _IRCF1 7E9D                          _IRCF2 7E9E  
                        i1l131 072A                          i1l128 0718                          i1l147 0664  
                        i1l157 0054                          i1l911 0636                          i1l913 063C  
                        i1l905 0602                          i1l915 0640                          i1l907 060E  
                        i1l917 065C                          i1l909 061C                          i1l961 002E  
                        i1l963 003C                          i1l885 0718                          i1l965 004A  
                        i1l887 0726                          i1l967 0050                          _RCREG 0FAE  
                        _SPBRG 0FAF                          _TRISA 0F92                          _TXREG 0FAD  
                  ?_UART_Write 002B                          ttemp5 0038                          ttemp6 003B  
                        ttemp7 003F                          status 0FD8                          wtemp8 0038  
              __initialization 06D4                   __end_of_main 06D4                         ??_main 0037  
             ?_CCP1_Initialize 002B                  __activetblptr 0000                         _ADCON1 0FC1  
                       _ADRESH 0FC4                         _ADRESL 0FC3                         i1u1_20 0726  
                       i1u1_21 0722                         i1u3_20 0636                         i1u3_21 0632  
                       i1u4_20 065C                         i1u4_21 0658                         i1u8_20 003C  
                       i1u8_21 0038                         i1u9_20 004A                         i1u9_21 0046  
                       _Hi_ISR 0008                         _Lo_ISR 0018                         _lenStr 0001  
                       clear_0 06DA                         isa$std 0001                         _strcpy 0666  
                 __mediumconst 0000              _SYSTEM_Initialize 06EA                     __accesstop 0080  
      __end_of__initialization 06E0             ?_SYSTEM_Initialize 002B                  ___rparam_used 0001  
            __end_of_GetString 0752                 __pcstackCOMRAM 002B            ??_SYSTEM_Initialize 0032  
                ??_MyusartRead 002C      __end_of_SYSTEM_Initialize 0700                        ?_Hi_ISR 002B  
                      ?_Lo_ISR 002B                        _CCP1CON 0FBD                        ?_strcpy 0034  
                 ??_UART_Write 002B            __end_of_MyusartRead 0666                        __Hparam 0000  
                      __Lparam 0000             __end_of_UART_Write 072C                   __psmallconst 0600  
                      __pcinit 06D4                        __ramtop 0600                        __ptext0 06BA  
                      __ptext1 0666                        __ptext2 06EA                        __ptext3 0690  
                      __ptext4 0738                        __ptext5 0740                        __ptext6 072C  
                      __ptext7 0700                        __ptext8 074E          _OSCILLATOR_Initialize 0738  
               __pintcode_body 0748           end_of_initialization 06E0                        int_func 0748  
                    _RCSTAbits 0FAB                        postinc0 0FEE                        postinc2 0FDE  
                      strcpy@d 0036                 UART_Write@data 002B                      _TRISCbits 0F94  
                  _MyusartRead 0602                      _TXSTAbits 0FAC                 __end_of_Hi_ISR 074E  
               __end_of_Lo_ISR 006C   __end_of_INTERRUPT_Initialize 0748                      _GetString 074E  
                  _BAUDCONbits 0FB8                 _ADC_Initialize 0700         ?_OSCILLATOR_Initialize 002B  
               __end_of_strcpy 0690            start_initialization 06D4              ??_UART_Initialize 0032  
                     ??_Hi_ISR 002B                       ??_Lo_ISR 002D         __end_of_ADC_Initialize 0716  
                   ?_GetString 0032                       ??_strcpy 0036                    __pbssCOMRAM 0001  
            ??_CCP1_Initialize 0032                      __pintcode 0008                ?_ADC_Initialize 002B  
                  __pintcodelo 0018                    __smallconst 0600           _INTERRUPT_Initialize 0740  
                     _IPR1bits 0F9F                       _PIE1bits 0F9D                       _PIR1bits 0F9E  
                     _RCONbits 0FD0                    ??_GetString 0034                     _ADCON0bits 0FC2  
                   _ADCON2bits 0FC0                   ?_MyusartRead 002B          ?_INTERRUPT_Initialize 002B  
                     __Hrparam 0000                       __Lrparam 0000        ??_OSCILLATOR_Initialize 0032  
              _UART_Initialize 0690                       __ptext10 0602                       __ptext11 0716  
                   strcpy@dest 0034                       isa$xinst 0000                       int$flags 0037  
                     _mystring 0003                     _INTCONbits 0FF2                _CCP1_Initialize 072C  
       ??_INTERRUPT_Initialize 0032                       intlevel1 0000                       intlevel2 0000  
                    strcpy@src 0035               ??_ADC_Initialize 0032                     _OSCCONbits 0FD3  
      __end_of_UART_Initialize 06BA                     _UART_Write 0716  
